2019-05-09 00:07:22,057 INFO org.springframework.orm.jpa.AbstractEntityManagerFactoryBean [Thread-40] Closing JPA EntityManagerFactory for persistence unit 'default'
2019-05-09 00:07:22,076 INFO com.zaxxer.hikari.HikariDataSource [Thread-40] HikariPool-1 - Shutdown initiated...
2019-05-09 00:07:22,100 INFO com.zaxxer.hikari.HikariDataSource [Thread-40] HikariPool-1 - Shutdown completed.
2019-05-09 00:10:09,479 INFO org.springframework.boot.StartupInfoLogger [main] Starting RlcCombinatorApplication on hrgovici with PID 18820 (/home/hrgovici/IdeaProjects/rlc-combinator/target/classes started by hrgovici in /home/hrgovici/IdeaProjects/rlc-combinator)
2019-05-09 00:10:09,511 DEBUG org.springframework.boot.StartupInfoLogger [main] Running with Spring Boot v2.1.2.RELEASE, Spring v5.1.4.RELEASE
2019-05-09 00:10:09,519 INFO org.springframework.boot.SpringApplication [main] No active profile set, falling back to default profiles: default
2019-05-09 00:10:13,757 INFO org.springframework.data.repository.config.RepositoryConfigurationDelegate [main] Bootstrapping Spring Data repositories in DEFAULT mode.
2019-05-09 00:10:14,099 INFO org.springframework.data.repository.config.RepositoryConfigurationDelegate [main] Finished Spring Data repository scanning in 309ms. Found 3 repository interfaces.
2019-05-09 00:10:15,248 INFO org.springframework.context.support.PostProcessorRegistrationDelegate$BeanPostProcessorChecker [main] Bean 'org.springframework.transaction.annotation.ProxyTransactionManagementConfiguration' of type [org.springframework.transaction.annotation.ProxyTransactionManagementConfiguration$$EnhancerBySpringCGLIB$$a24b653e] is not eligible for getting processed by all BeanPostProcessors (for example: not eligible for auto-proxying)
2019-05-09 00:10:15,979 INFO org.springframework.boot.web.embedded.tomcat.TomcatWebServer [main] Tomcat initialized with port(s): 5000 (http)
2019-05-09 00:10:16,005 INFO org.apache.juli.logging.DirectJDKLog [main] Initializing ProtocolHandler ["http-nio-5000"]
2019-05-09 00:10:16,019 INFO org.apache.juli.logging.DirectJDKLog [main] Starting service [Tomcat]
2019-05-09 00:10:16,020 INFO org.apache.juli.logging.DirectJDKLog [main] Starting Servlet engine: [Apache Tomcat/9.0.14]
2019-05-09 00:10:16,030 INFO org.apache.juli.logging.DirectJDKLog [main] The APR based Apache Tomcat Native library which allows optimal performance in production environments was not found on the java.library.path: [/usr/java/packages/lib/amd64:/usr/lib64:/lib64:/lib:/usr/lib]
2019-05-09 00:10:16,274 INFO org.apache.juli.logging.DirectJDKLog [main] Initializing Spring embedded WebApplicationContext
2019-05-09 00:10:16,277 INFO org.springframework.boot.web.servlet.context.ServletWebServerApplicationContext [main] Root WebApplicationContext: initialization completed in 6443 ms
2019-05-09 00:10:16,566 INFO com.zaxxer.hikari.HikariDataSource [main] HikariPool-1 - Starting...
2019-05-09 00:10:17,534 INFO com.zaxxer.hikari.HikariDataSource [main] HikariPool-1 - Start completed.
2019-05-09 00:10:17,595 INFO org.hibernate.jpa.internal.util.LogHelper [main] HHH000204: Processing PersistenceUnitInfo [
	name: default
	...]
2019-05-09 00:10:17,677 INFO org.hibernate.Version [main] HHH000412: Hibernate Core {5.3.7.Final}
2019-05-09 00:10:17,679 INFO org.hibernate.cfg.Environment [main] HHH000206: hibernate.properties not found
2019-05-09 00:10:17,911 INFO org.hibernate.annotations.common.reflection.java.JavaReflectionManager [main] HCANN000001: Hibernate Commons Annotations {5.0.4.Final}
2019-05-09 00:10:18,156 INFO org.hibernate.dialect.Dialect [main] HHH000400: Using dialect: org.hibernate.dialect.PostgreSQL95Dialect
2019-05-09 00:10:26,039 INFO org.hibernate.engine.jdbc.env.internal.LobCreatorBuilderImpl [main] HHH000421: Disabling contextual LOB creation as hibernate.jdbc.lob.non_contextual_creation is true
2019-05-09 00:10:26,061 INFO org.hibernate.type.BasicTypeRegistry [main] HHH000270: Type registration [java.util.UUID] overrides previous : org.hibernate.type.UUIDBinaryType@570b2057
2019-05-09 00:10:27,675 INFO org.springframework.orm.jpa.AbstractEntityManagerFactoryBean [main] Initialized JPA EntityManagerFactory for persistence unit 'default'
2019-05-09 00:10:28,899 WARN org.springframework.boot.autoconfigure.orm.jpa.JpaBaseConfiguration$JpaWebConfiguration$JpaWebMvcConfiguration [main] spring.jpa.open-in-view is enabled by default. Therefore, database queries may be performed during view rendering. Explicitly configure spring.jpa.open-in-view to disable this warning
2019-05-09 00:10:29,582 INFO org.springframework.security.web.DefaultSecurityFilterChain [main] Creating filter chain: any request, [org.springframework.security.web.context.request.async.WebAsyncManagerIntegrationFilter@6761f75b, org.springframework.security.web.context.SecurityContextPersistenceFilter@55e88bc, org.springframework.security.web.header.HeaderWriterFilter@6b4a2887, org.springframework.web.filter.CorsFilter@7c8a91e2, org.springframework.security.web.authentication.logout.LogoutFilter@2184962c, hr.markic.rlc.security.jwt.JwtTokenFilter@c7443f, org.springframework.security.web.savedrequest.RequestCacheAwareFilter@4c12f54a, org.springframework.security.web.servletapi.SecurityContextHolderAwareRequestFilter@626b9092, org.springframework.security.web.authentication.AnonymousAuthenticationFilter@74e175c7, org.springframework.security.web.session.SessionManagementFilter@417b3642, org.springframework.security.web.access.ExceptionTranslationFilter@7fcfe065, org.springframework.security.web.access.intercept.FilterSecurityInterceptor@2d3768ce]
2019-05-09 00:10:29,671 INFO org.apache.juli.logging.DirectJDKLog [main] Starting ProtocolHandler ["http-nio-5000"]
2019-05-09 00:10:29,695 INFO org.springframework.boot.web.embedded.tomcat.TomcatWebServer [main] Tomcat started on port(s): 5000 (http) with context path ''
2019-05-09 00:10:29,699 INFO org.springframework.boot.StartupInfoLogger [main] Started RlcCombinatorApplication in 23.81 seconds (JVM running for 28.512)
2019-05-09 00:10:29,702 INFO hr.markic.rlc.RlcCombinatorApplication [main] ------------------Application started.----------------------
2019-05-09 00:11:13,277 INFO org.apache.juli.logging.DirectJDKLog [http-nio-5000-exec-2] Initializing Spring DispatcherServlet 'dispatcherServlet'
2019-05-09 00:11:13,290 INFO org.springframework.web.servlet.FrameworkServlet [http-nio-5000-exec-2] Initializing Servlet 'dispatcherServlet'
2019-05-09 00:11:13,413 INFO org.springframework.web.servlet.FrameworkServlet [http-nio-5000-exec-2] Completed initialization in 122 ms
2019-05-09 00:11:15,148 INFO org.hibernate.hql.internal.QueryTranslatorFactoryInitiator [http-nio-5000-exec-1] HHH000397: Using ASTQueryTranslatorFactory
2019-05-09 00:12:18,145 WARN com.zaxxer.hikari.pool.HikariPool$HouseKeeper [HikariPool-1 housekeeper] HikariPool-1 - Thread starvation or clock leap detected (housekeeper delta=1m510ms354µs579ns).
2019-05-09 00:12:18,439 INFO org.springframework.orm.jpa.AbstractEntityManagerFactoryBean [Thread-50] Closing JPA EntityManagerFactory for persistence unit 'default'
2019-05-09 00:12:18,484 INFO com.zaxxer.hikari.HikariDataSource [Thread-50] HikariPool-1 - Shutdown initiated...
2019-05-09 00:12:18,530 INFO com.zaxxer.hikari.HikariDataSource [Thread-50] HikariPool-1 - Shutdown completed.
2019-05-09 00:13:47,393 INFO org.springframework.boot.StartupInfoLogger [main] Starting RlcCombinatorApplication on hrgovici with PID 19384 (/home/hrgovici/IdeaProjects/rlc-combinator/target/classes started by hrgovici in /home/hrgovici/IdeaProjects/rlc-combinator)
2019-05-09 00:13:47,411 DEBUG org.springframework.boot.StartupInfoLogger [main] Running with Spring Boot v2.1.2.RELEASE, Spring v5.1.4.RELEASE
2019-05-09 00:13:47,414 INFO org.springframework.boot.SpringApplication [main] No active profile set, falling back to default profiles: default
2019-05-09 00:13:49,264 INFO org.springframework.data.repository.config.RepositoryConfigurationDelegate [main] Bootstrapping Spring Data repositories in DEFAULT mode.
2019-05-09 00:13:49,458 INFO org.springframework.data.repository.config.RepositoryConfigurationDelegate [main] Finished Spring Data repository scanning in 147ms. Found 3 repository interfaces.
2019-05-09 00:13:50,173 INFO org.springframework.context.support.PostProcessorRegistrationDelegate$BeanPostProcessorChecker [main] Bean 'org.springframework.transaction.annotation.ProxyTransactionManagementConfiguration' of type [org.springframework.transaction.annotation.ProxyTransactionManagementConfiguration$$EnhancerBySpringCGLIB$$228df497] is not eligible for getting processed by all BeanPostProcessors (for example: not eligible for auto-proxying)
2019-05-09 00:13:50,934 INFO org.springframework.boot.web.embedded.tomcat.TomcatWebServer [main] Tomcat initialized with port(s): 5000 (http)
2019-05-09 00:13:50,973 INFO org.apache.juli.logging.DirectJDKLog [main] Initializing ProtocolHandler ["http-nio-5000"]
2019-05-09 00:13:51,013 INFO org.apache.juli.logging.DirectJDKLog [main] Starting service [Tomcat]
2019-05-09 00:13:51,014 INFO org.apache.juli.logging.DirectJDKLog [main] Starting Servlet engine: [Apache Tomcat/9.0.14]
2019-05-09 00:13:51,025 INFO org.apache.juli.logging.DirectJDKLog [main] The APR based Apache Tomcat Native library which allows optimal performance in production environments was not found on the java.library.path: [/usr/java/packages/lib/amd64:/usr/lib64:/lib64:/lib:/usr/lib]
2019-05-09 00:13:51,175 INFO org.apache.juli.logging.DirectJDKLog [main] Initializing Spring embedded WebApplicationContext
2019-05-09 00:13:51,176 INFO org.springframework.boot.web.servlet.context.ServletWebServerApplicationContext [main] Root WebApplicationContext: initialization completed in 3629 ms
2019-05-09 00:13:51,525 INFO com.zaxxer.hikari.HikariDataSource [main] HikariPool-1 - Starting...
2019-05-09 00:13:52,714 INFO com.zaxxer.hikari.HikariDataSource [main] HikariPool-1 - Start completed.
2019-05-09 00:13:52,835 INFO org.hibernate.jpa.internal.util.LogHelper [main] HHH000204: Processing PersistenceUnitInfo [
	name: default
	...]
2019-05-09 00:13:52,985 INFO org.hibernate.Version [main] HHH000412: Hibernate Core {5.3.7.Final}
2019-05-09 00:13:52,988 INFO org.hibernate.cfg.Environment [main] HHH000206: hibernate.properties not found
2019-05-09 00:13:53,335 INFO org.hibernate.annotations.common.reflection.java.JavaReflectionManager [main] HCANN000001: Hibernate Commons Annotations {5.0.4.Final}
2019-05-09 00:13:53,602 INFO org.hibernate.dialect.Dialect [main] HHH000400: Using dialect: org.hibernate.dialect.PostgreSQL95Dialect
2019-05-09 00:14:01,811 INFO org.hibernate.engine.jdbc.env.internal.LobCreatorBuilderImpl [main] HHH000421: Disabling contextual LOB creation as hibernate.jdbc.lob.non_contextual_creation is true
2019-05-09 00:14:01,821 INFO org.hibernate.type.BasicTypeRegistry [main] HHH000270: Type registration [java.util.UUID] overrides previous : org.hibernate.type.UUIDBinaryType@656ec00d
2019-05-09 00:14:03,228 INFO org.springframework.orm.jpa.AbstractEntityManagerFactoryBean [main] Initialized JPA EntityManagerFactory for persistence unit 'default'
2019-05-09 00:14:04,093 WARN org.springframework.boot.autoconfigure.orm.jpa.JpaBaseConfiguration$JpaWebConfiguration$JpaWebMvcConfiguration [main] spring.jpa.open-in-view is enabled by default. Therefore, database queries may be performed during view rendering. Explicitly configure spring.jpa.open-in-view to disable this warning
2019-05-09 00:14:04,712 INFO org.springframework.security.web.DefaultSecurityFilterChain [main] Creating filter chain: any request, [org.springframework.security.web.context.request.async.WebAsyncManagerIntegrationFilter@712c9bcf, org.springframework.security.web.context.SecurityContextPersistenceFilter@4f1f2f84, org.springframework.security.web.header.HeaderWriterFilter@74f92d14, org.springframework.web.filter.CorsFilter@3c34c491, org.springframework.security.web.authentication.logout.LogoutFilter@6442cf3e, hr.markic.rlc.security.jwt.JwtTokenFilter@509e4902, org.springframework.security.web.savedrequest.RequestCacheAwareFilter@19c06762, org.springframework.security.web.servletapi.SecurityContextHolderAwareRequestFilter@37a939bc, org.springframework.security.web.authentication.AnonymousAuthenticationFilter@7f958d4a, org.springframework.security.web.session.SessionManagementFilter@5e557671, org.springframework.security.web.access.ExceptionTranslationFilter@68cb8e52, org.springframework.security.web.access.intercept.FilterSecurityInterceptor@426a4301]
2019-05-09 00:14:04,799 INFO org.apache.juli.logging.DirectJDKLog [main] Starting ProtocolHandler ["http-nio-5000"]
2019-05-09 00:14:04,828 INFO org.springframework.boot.web.embedded.tomcat.TomcatWebServer [main] Tomcat started on port(s): 5000 (http) with context path ''
2019-05-09 00:14:04,832 INFO org.springframework.boot.StartupInfoLogger [main] Started RlcCombinatorApplication in 19.659 seconds (JVM running for 22.276)
2019-05-09 00:14:04,835 INFO hr.markic.rlc.RlcCombinatorApplication [main] ------------------Application started.----------------------
2019-05-09 00:14:17,488 INFO org.apache.juli.logging.DirectJDKLog [http-nio-5000-exec-1] Initializing Spring DispatcherServlet 'dispatcherServlet'
2019-05-09 00:14:17,489 INFO org.springframework.web.servlet.FrameworkServlet [http-nio-5000-exec-1] Initializing Servlet 'dispatcherServlet'
2019-05-09 00:14:17,597 INFO org.springframework.web.servlet.FrameworkServlet [http-nio-5000-exec-1] Completed initialization in 108 ms
2019-05-09 00:14:19,428 INFO org.hibernate.hql.internal.QueryTranslatorFactoryInitiator [http-nio-5000-exec-1] HHH000397: Using ASTQueryTranslatorFactory
2019-05-09 00:17:15,672 INFO org.springframework.orm.jpa.AbstractEntityManagerFactoryBean [Thread-44] Closing JPA EntityManagerFactory for persistence unit 'default'
2019-05-09 00:17:15,785 INFO com.zaxxer.hikari.HikariDataSource [Thread-44] HikariPool-1 - Shutdown initiated...
2019-05-09 00:17:15,798 INFO com.zaxxer.hikari.HikariDataSource [Thread-44] HikariPool-1 - Shutdown completed.
2019-05-09 00:17:36,839 INFO org.springframework.boot.StartupInfoLogger [main] Starting RlcCombinatorApplication on hrgovici with PID 20039 (/home/hrgovici/IdeaProjects/rlc-combinator/target/classes started by hrgovici in /home/hrgovici/IdeaProjects/rlc-combinator)
2019-05-09 00:17:36,859 DEBUG org.springframework.boot.StartupInfoLogger [main] Running with Spring Boot v2.1.2.RELEASE, Spring v5.1.4.RELEASE
2019-05-09 00:17:36,861 INFO org.springframework.boot.SpringApplication [main] No active profile set, falling back to default profiles: default
2019-05-09 00:17:39,889 INFO org.springframework.data.repository.config.RepositoryConfigurationDelegate [main] Bootstrapping Spring Data repositories in DEFAULT mode.
2019-05-09 00:17:40,338 INFO org.springframework.data.repository.config.RepositoryConfigurationDelegate [main] Finished Spring Data repository scanning in 418ms. Found 3 repository interfaces.
2019-05-09 00:17:41,951 INFO org.springframework.context.support.PostProcessorRegistrationDelegate$BeanPostProcessorChecker [main] Bean 'org.springframework.transaction.annotation.ProxyTransactionManagementConfiguration' of type [org.springframework.transaction.annotation.ProxyTransactionManagementConfiguration$$EnhancerBySpringCGLIB$$309d99ef] is not eligible for getting processed by all BeanPostProcessors (for example: not eligible for auto-proxying)
2019-05-09 00:17:43,085 INFO org.springframework.boot.web.embedded.tomcat.TomcatWebServer [main] Tomcat initialized with port(s): 5000 (http)
2019-05-09 00:17:43,132 INFO org.apache.juli.logging.DirectJDKLog [main] Initializing ProtocolHandler ["http-nio-5000"]
2019-05-09 00:17:43,178 INFO org.apache.juli.logging.DirectJDKLog [main] Starting service [Tomcat]
2019-05-09 00:17:43,180 INFO org.apache.juli.logging.DirectJDKLog [main] Starting Servlet engine: [Apache Tomcat/9.0.14]
2019-05-09 00:17:43,210 INFO org.apache.juli.logging.DirectJDKLog [main] The APR based Apache Tomcat Native library which allows optimal performance in production environments was not found on the java.library.path: [/usr/java/packages/lib/amd64:/usr/lib64:/lib64:/lib:/usr/lib]
2019-05-09 00:17:43,445 INFO org.apache.juli.logging.DirectJDKLog [main] Initializing Spring embedded WebApplicationContext
2019-05-09 00:17:43,446 INFO org.springframework.boot.web.servlet.context.ServletWebServerApplicationContext [main] Root WebApplicationContext: initialization completed in 6389 ms
2019-05-09 00:17:44,107 INFO com.zaxxer.hikari.HikariDataSource [main] HikariPool-1 - Starting...
2019-05-09 00:17:45,509 INFO com.zaxxer.hikari.HikariDataSource [main] HikariPool-1 - Start completed.
2019-05-09 00:17:45,665 INFO org.hibernate.jpa.internal.util.LogHelper [main] HHH000204: Processing PersistenceUnitInfo [
	name: default
	...]
2019-05-09 00:17:45,871 INFO org.hibernate.Version [main] HHH000412: Hibernate Core {5.3.7.Final}
2019-05-09 00:17:45,874 INFO org.hibernate.cfg.Environment [main] HHH000206: hibernate.properties not found
2019-05-09 00:17:46,274 INFO org.hibernate.annotations.common.reflection.java.JavaReflectionManager [main] HCANN000001: Hibernate Commons Annotations {5.0.4.Final}
2019-05-09 00:17:46,660 INFO org.hibernate.dialect.Dialect [main] HHH000400: Using dialect: org.hibernate.dialect.PostgreSQL95Dialect
2019-05-09 00:17:54,766 INFO org.hibernate.engine.jdbc.env.internal.LobCreatorBuilderImpl [main] HHH000421: Disabling contextual LOB creation as hibernate.jdbc.lob.non_contextual_creation is true
2019-05-09 00:17:54,779 INFO org.hibernate.type.BasicTypeRegistry [main] HHH000270: Type registration [java.util.UUID] overrides previous : org.hibernate.type.UUIDBinaryType@bb6f3f7
2019-05-09 00:17:56,513 INFO org.springframework.orm.jpa.AbstractEntityManagerFactoryBean [main] Initialized JPA EntityManagerFactory for persistence unit 'default'
2019-05-09 00:17:57,652 WARN org.springframework.context.support.AbstractApplicationContext [main] Exception encountered during context initialization - cancelling refresh attempt: org.springframework.beans.factory.UnsatisfiedDependencyException: Error creating bean with name 'capacitorController' defined in file [/home/hrgovici/IdeaProjects/rlc-combinator/target/classes/hr/markic/rlc/rest/controller/CapacitorController.class]: Unsatisfied dependency expressed through constructor parameter 0; nested exception is org.springframework.beans.factory.UnsatisfiedDependencyException: Error creating bean with name 'capacitorService' defined in file [/home/hrgovici/IdeaProjects/rlc-combinator/target/classes/hr/markic/rlc/service/CapacitorService.class]: Unsatisfied dependency expressed through constructor parameter 0; nested exception is org.springframework.beans.factory.BeanCreationException: Error creating bean with name 'capacitorRepository': Invocation of init method failed; nested exception is java.lang.IllegalArgumentException: Failed to create query for method public abstract java.util.List hr.markic.rlc.repository.BaseElementRepository.findAllByUser(hr.markic.rlc.domain.User)! No property user found for type Capacitor!
2019-05-09 00:17:57,653 INFO org.springframework.orm.jpa.AbstractEntityManagerFactoryBean [main] Closing JPA EntityManagerFactory for persistence unit 'default'
2019-05-09 00:17:57,658 INFO com.zaxxer.hikari.HikariDataSource [main] HikariPool-1 - Shutdown initiated...
2019-05-09 00:17:57,678 INFO com.zaxxer.hikari.HikariDataSource [main] HikariPool-1 - Shutdown completed.
2019-05-09 00:17:57,681 INFO org.apache.juli.logging.DirectJDKLog [main] Stopping service [Tomcat]
2019-05-09 00:17:57,698 INFO org.springframework.boot.autoconfigure.logging.ConditionEvaluationReportLoggingListener [main] 

Error starting ApplicationContext. To display the conditions report re-run your application with 'debug' enabled.
2019-05-09 00:17:57,737 ERROR org.springframework.boot.SpringApplication [main] Application run failed
org.springframework.beans.factory.UnsatisfiedDependencyException: Error creating bean with name 'capacitorController' defined in file [/home/hrgovici/IdeaProjects/rlc-combinator/target/classes/hr/markic/rlc/rest/controller/CapacitorController.class]: Unsatisfied dependency expressed through constructor parameter 0; nested exception is org.springframework.beans.factory.UnsatisfiedDependencyException: Error creating bean with name 'capacitorService' defined in file [/home/hrgovici/IdeaProjects/rlc-combinator/target/classes/hr/markic/rlc/service/CapacitorService.class]: Unsatisfied dependency expressed through constructor parameter 0; nested exception is org.springframework.beans.factory.BeanCreationException: Error creating bean with name 'capacitorRepository': Invocation of init method failed; nested exception is java.lang.IllegalArgumentException: Failed to create query for method public abstract java.util.List hr.markic.rlc.repository.BaseElementRepository.findAllByUser(hr.markic.rlc.domain.User)! No property user found for type Capacitor!
	at org.springframework.beans.factory.support.ConstructorResolver.createArgumentArray(ConstructorResolver.java:769)
	at org.springframework.beans.factory.support.ConstructorResolver.autowireConstructor(ConstructorResolver.java:218)
	at org.springframework.beans.factory.support.AbstractAutowireCapableBeanFactory.autowireConstructor(AbstractAutowireCapableBeanFactory.java:1308)
	at org.springframework.beans.factory.support.AbstractAutowireCapableBeanFactory.createBeanInstance(AbstractAutowireCapableBeanFactory.java:1154)
	at org.springframework.beans.factory.support.AbstractAutowireCapableBeanFactory.doCreateBean(AbstractAutowireCapableBeanFactory.java:538)
	at org.springframework.beans.factory.support.AbstractAutowireCapableBeanFactory.createBean(AbstractAutowireCapableBeanFactory.java:498)
	at org.springframework.beans.factory.support.AbstractBeanFactory.lambda$doGetBean$0(AbstractBeanFactory.java:320)
	at org.springframework.beans.factory.support.DefaultSingletonBeanRegistry.getSingleton(DefaultSingletonBeanRegistry.java:222)
	at org.springframework.beans.factory.support.AbstractBeanFactory.doGetBean(AbstractBeanFactory.java:318)
	at org.springframework.beans.factory.support.AbstractBeanFactory.getBean(AbstractBeanFactory.java:199)
	at org.springframework.beans.factory.support.DefaultListableBeanFactory.preInstantiateSingletons(DefaultListableBeanFactory.java:846)
	at org.springframework.context.support.AbstractApplicationContext.finishBeanFactoryInitialization(AbstractApplicationContext.java:863)
	at org.springframework.context.support.AbstractApplicationContext.refresh(AbstractApplicationContext.java:546)
	at org.springframework.boot.web.servlet.context.ServletWebServerApplicationContext.refresh(ServletWebServerApplicationContext.java:142)
	at org.springframework.boot.SpringApplication.refresh(SpringApplication.java:775)
	at org.springframework.boot.SpringApplication.refreshContext(SpringApplication.java:397)
	at org.springframework.boot.SpringApplication.run(SpringApplication.java:316)
	at org.springframework.boot.SpringApplication.run(SpringApplication.java:1260)
	at org.springframework.boot.SpringApplication.run(SpringApplication.java:1248)
	at hr.markic.rlc.RlcCombinatorApplication.main(RlcCombinatorApplication.java:16)
Caused by: org.springframework.beans.factory.UnsatisfiedDependencyException: Error creating bean with name 'capacitorService' defined in file [/home/hrgovici/IdeaProjects/rlc-combinator/target/classes/hr/markic/rlc/service/CapacitorService.class]: Unsatisfied dependency expressed through constructor parameter 0; nested exception is org.springframework.beans.factory.BeanCreationException: Error creating bean with name 'capacitorRepository': Invocation of init method failed; nested exception is java.lang.IllegalArgumentException: Failed to create query for method public abstract java.util.List hr.markic.rlc.repository.BaseElementRepository.findAllByUser(hr.markic.rlc.domain.User)! No property user found for type Capacitor!
	at org.springframework.beans.factory.support.ConstructorResolver.createArgumentArray(ConstructorResolver.java:769)
	at org.springframework.beans.factory.support.ConstructorResolver.autowireConstructor(ConstructorResolver.java:218)
	at org.springframework.beans.factory.support.AbstractAutowireCapableBeanFactory.autowireConstructor(AbstractAutowireCapableBeanFactory.java:1308)
	at org.springframework.beans.factory.support.AbstractAutowireCapableBeanFactory.createBeanInstance(AbstractAutowireCapableBeanFactory.java:1154)
	at org.springframework.beans.factory.support.AbstractAutowireCapableBeanFactory.doCreateBean(AbstractAutowireCapableBeanFactory.java:538)
	at org.springframework.beans.factory.support.AbstractAutowireCapableBeanFactory.createBean(AbstractAutowireCapableBeanFactory.java:498)
	at org.springframework.beans.factory.support.AbstractBeanFactory.lambda$doGetBean$0(AbstractBeanFactory.java:320)
	at org.springframework.beans.factory.support.DefaultSingletonBeanRegistry.getSingleton(DefaultSingletonBeanRegistry.java:222)
	at org.springframework.beans.factory.support.AbstractBeanFactory.doGetBean(AbstractBeanFactory.java:318)
	at org.springframework.beans.factory.support.AbstractBeanFactory.getBean(AbstractBeanFactory.java:199)
	at org.springframework.beans.factory.config.DependencyDescriptor.resolveCandidate(DependencyDescriptor.java:277)
	at org.springframework.beans.factory.support.DefaultListableBeanFactory.doResolveDependency(DefaultListableBeanFactory.java:1244)
	at org.springframework.beans.factory.support.DefaultListableBeanFactory.resolveDependency(DefaultListableBeanFactory.java:1164)
	at org.springframework.beans.factory.support.ConstructorResolver.resolveAutowiredArgument(ConstructorResolver.java:857)
	at org.springframework.beans.factory.support.ConstructorResolver.createArgumentArray(ConstructorResolver.java:760)
	... 19 common frames omitted
Caused by: org.springframework.beans.factory.BeanCreationException: Error creating bean with name 'capacitorRepository': Invocation of init method failed; nested exception is java.lang.IllegalArgumentException: Failed to create query for method public abstract java.util.List hr.markic.rlc.repository.BaseElementRepository.findAllByUser(hr.markic.rlc.domain.User)! No property user found for type Capacitor!
	at org.springframework.beans.factory.support.AbstractAutowireCapableBeanFactory.initializeBean(AbstractAutowireCapableBeanFactory.java:1745)
	at org.springframework.beans.factory.support.AbstractAutowireCapableBeanFactory.doCreateBean(AbstractAutowireCapableBeanFactory.java:576)
	at org.springframework.beans.factory.support.AbstractAutowireCapableBeanFactory.createBean(AbstractAutowireCapableBeanFactory.java:498)
	at org.springframework.beans.factory.support.AbstractBeanFactory.lambda$doGetBean$0(AbstractBeanFactory.java:320)
	at org.springframework.beans.factory.support.DefaultSingletonBeanRegistry.getSingleton(DefaultSingletonBeanRegistry.java:222)
	at org.springframework.beans.factory.support.AbstractBeanFactory.doGetBean(AbstractBeanFactory.java:318)
	at org.springframework.beans.factory.support.AbstractBeanFactory.getBean(AbstractBeanFactory.java:199)
	at org.springframework.beans.factory.config.DependencyDescriptor.resolveCandidate(DependencyDescriptor.java:277)
	at org.springframework.beans.factory.support.DefaultListableBeanFactory.doResolveDependency(DefaultListableBeanFactory.java:1244)
	at org.springframework.beans.factory.support.DefaultListableBeanFactory.resolveDependency(DefaultListableBeanFactory.java:1164)
	at org.springframework.beans.factory.support.ConstructorResolver.resolveAutowiredArgument(ConstructorResolver.java:857)
	at org.springframework.beans.factory.support.ConstructorResolver.createArgumentArray(ConstructorResolver.java:760)
	... 33 common frames omitted
Caused by: java.lang.IllegalArgumentException: Failed to create query for method public abstract java.util.List hr.markic.rlc.repository.BaseElementRepository.findAllByUser(hr.markic.rlc.domain.User)! No property user found for type Capacitor!
	at org.springframework.data.jpa.repository.query.PartTreeJpaQuery.<init>(PartTreeJpaQuery.java:82)
	at org.springframework.data.jpa.repository.query.JpaQueryLookupStrategy$CreateQueryLookupStrategy.resolveQuery(JpaQueryLookupStrategy.java:103)
	at org.springframework.data.jpa.repository.query.JpaQueryLookupStrategy$CreateIfNotFoundQueryLookupStrategy.resolveQuery(JpaQueryLookupStrategy.java:208)
	at org.springframework.data.jpa.repository.query.JpaQueryLookupStrategy$AbstractQueryLookupStrategy.resolveQuery(JpaQueryLookupStrategy.java:79)
	at org.springframework.data.repository.core.support.RepositoryFactorySupport$QueryExecutorMethodInterceptor.lookupQuery(RepositoryFactorySupport.java:566)
	at org.springframework.data.repository.core.support.RepositoryFactorySupport$QueryExecutorMethodInterceptor.lambda$mapMethodsToQuery$1(RepositoryFactorySupport.java:559)
	at java.util.stream.ReferencePipeline$3$1.accept(ReferencePipeline.java:193)
	at java.util.Iterator.forEachRemaining(Iterator.java:116)
	at java.util.Collections$UnmodifiableCollection$1.forEachRemaining(Collections.java:1049)
	at java.util.Spliterators$IteratorSpliterator.forEachRemaining(Spliterators.java:1801)
	at java.util.stream.AbstractPipeline.copyInto(AbstractPipeline.java:481)
	at java.util.stream.AbstractPipeline.wrapAndCopyInto(AbstractPipeline.java:471)
	at java.util.stream.ReduceOps$ReduceOp.evaluateSequential(ReduceOps.java:708)
	at java.util.stream.AbstractPipeline.evaluate(AbstractPipeline.java:234)
	at java.util.stream.ReferencePipeline.collect(ReferencePipeline.java:499)
	at org.springframework.data.repository.core.support.RepositoryFactorySupport$QueryExecutorMethodInterceptor.mapMethodsToQuery(RepositoryFactorySupport.java:561)
	at org.springframework.data.repository.core.support.RepositoryFactorySupport$QueryExecutorMethodInterceptor.lambda$new$0(RepositoryFactorySupport.java:551)
	at java.util.Optional.map(Optional.java:215)
	at org.springframework.data.repository.core.support.RepositoryFactorySupport$QueryExecutorMethodInterceptor.<init>(RepositoryFactorySupport.java:551)
	at org.springframework.data.repository.core.support.RepositoryFactorySupport.getRepository(RepositoryFactorySupport.java:324)
	at org.springframework.data.repository.core.support.RepositoryFactoryBeanSupport.lambda$afterPropertiesSet$5(RepositoryFactoryBeanSupport.java:297)
	at org.springframework.data.util.Lazy.getNullable(Lazy.java:211)
	at org.springframework.data.util.Lazy.get(Lazy.java:94)
	at org.springframework.data.repository.core.support.RepositoryFactoryBeanSupport.afterPropertiesSet(RepositoryFactoryBeanSupport.java:300)
	at org.springframework.data.jpa.repository.support.JpaRepositoryFactoryBean.afterPropertiesSet(JpaRepositoryFactoryBean.java:119)
	at org.springframework.beans.factory.support.AbstractAutowireCapableBeanFactory.invokeInitMethods(AbstractAutowireCapableBeanFactory.java:1804)
	at org.springframework.beans.factory.support.AbstractAutowireCapableBeanFactory.initializeBean(AbstractAutowireCapableBeanFactory.java:1741)
	... 44 common frames omitted
Caused by: org.springframework.data.mapping.PropertyReferenceException: No property user found for type Capacitor!
	at org.springframework.data.mapping.PropertyPath.<init>(PropertyPath.java:94)
	at org.springframework.data.mapping.PropertyPath.create(PropertyPath.java:382)
	at org.springframework.data.mapping.PropertyPath.create(PropertyPath.java:358)
	at org.springframework.data.mapping.PropertyPath.lambda$from$0(PropertyPath.java:311)
	at java.util.concurrent.ConcurrentMap.computeIfAbsent(ConcurrentMap.java:324)
	at org.springframework.data.mapping.PropertyPath.from(PropertyPath.java:293)
	at org.springframework.data.mapping.PropertyPath.from(PropertyPath.java:276)
	at org.springframework.data.repository.query.parser.Part.<init>(Part.java:81)
	at org.springframework.data.repository.query.parser.PartTree$OrPart.lambda$new$0(PartTree.java:250)
	at java.util.stream.ReferencePipeline$3$1.accept(ReferencePipeline.java:193)
	at java.util.stream.ReferencePipeline$2$1.accept(ReferencePipeline.java:175)
	at java.util.Spliterators$ArraySpliterator.forEachRemaining(Spliterators.java:948)
	at java.util.stream.AbstractPipeline.copyInto(AbstractPipeline.java:481)
	at java.util.stream.AbstractPipeline.wrapAndCopyInto(AbstractPipeline.java:471)
	at java.util.stream.ReduceOps$ReduceOp.evaluateSequential(ReduceOps.java:708)
	at java.util.stream.AbstractPipeline.evaluate(AbstractPipeline.java:234)
	at java.util.stream.ReferencePipeline.collect(ReferencePipeline.java:499)
	at org.springframework.data.repository.query.parser.PartTree$OrPart.<init>(PartTree.java:251)
	at org.springframework.data.repository.query.parser.PartTree$Predicate.lambda$new$0(PartTree.java:380)
	at java.util.stream.ReferencePipeline$3$1.accept(ReferencePipeline.java:193)
	at java.util.stream.ReferencePipeline$2$1.accept(ReferencePipeline.java:175)
	at java.util.Spliterators$ArraySpliterator.forEachRemaining(Spliterators.java:948)
	at java.util.stream.AbstractPipeline.copyInto(AbstractPipeline.java:481)
	at java.util.stream.AbstractPipeline.wrapAndCopyInto(AbstractPipeline.java:471)
	at java.util.stream.ReduceOps$ReduceOp.evaluateSequential(ReduceOps.java:708)
	at java.util.stream.AbstractPipeline.evaluate(AbstractPipeline.java:234)
	at java.util.stream.ReferencePipeline.collect(ReferencePipeline.java:499)
	at org.springframework.data.repository.query.parser.PartTree$Predicate.<init>(PartTree.java:381)
	at org.springframework.data.repository.query.parser.PartTree.<init>(PartTree.java:96)
	at org.springframework.data.jpa.repository.query.PartTreeJpaQuery.<init>(PartTreeJpaQuery.java:76)
	... 70 common frames omitted
2019-05-09 00:18:37,699 INFO org.springframework.boot.StartupInfoLogger [main] Starting RlcCombinatorApplication on hrgovici with PID 20313 (/home/hrgovici/IdeaProjects/rlc-combinator/target/classes started by hrgovici in /home/hrgovici/IdeaProjects/rlc-combinator)
2019-05-09 00:18:37,710 DEBUG org.springframework.boot.StartupInfoLogger [main] Running with Spring Boot v2.1.2.RELEASE, Spring v5.1.4.RELEASE
2019-05-09 00:18:37,712 INFO org.springframework.boot.SpringApplication [main] No active profile set, falling back to default profiles: default
2019-05-09 00:18:39,125 INFO org.springframework.data.repository.config.RepositoryConfigurationDelegate [main] Bootstrapping Spring Data repositories in DEFAULT mode.
2019-05-09 00:18:39,246 INFO org.springframework.data.repository.config.RepositoryConfigurationDelegate [main] Finished Spring Data repository scanning in 109ms. Found 3 repository interfaces.
2019-05-09 00:18:39,825 INFO org.springframework.context.support.PostProcessorRegistrationDelegate$BeanPostProcessorChecker [main] Bean 'org.springframework.transaction.annotation.ProxyTransactionManagementConfiguration' of type [org.springframework.transaction.annotation.ProxyTransactionManagementConfiguration$$EnhancerBySpringCGLIB$$4c30298c] is not eligible for getting processed by all BeanPostProcessors (for example: not eligible for auto-proxying)
2019-05-09 00:18:40,302 INFO org.springframework.boot.web.embedded.tomcat.TomcatWebServer [main] Tomcat initialized with port(s): 5000 (http)
2019-05-09 00:18:40,339 INFO org.apache.juli.logging.DirectJDKLog [main] Initializing ProtocolHandler ["http-nio-5000"]
2019-05-09 00:18:40,379 INFO org.apache.juli.logging.DirectJDKLog [main] Starting service [Tomcat]
2019-05-09 00:18:40,380 INFO org.apache.juli.logging.DirectJDKLog [main] Starting Servlet engine: [Apache Tomcat/9.0.14]
2019-05-09 00:18:40,390 INFO org.apache.juli.logging.DirectJDKLog [main] The APR based Apache Tomcat Native library which allows optimal performance in production environments was not found on the java.library.path: [/usr/java/packages/lib/amd64:/usr/lib64:/lib64:/lib:/usr/lib]
2019-05-09 00:18:40,512 INFO org.apache.juli.logging.DirectJDKLog [main] Initializing Spring embedded WebApplicationContext
2019-05-09 00:18:40,514 INFO org.springframework.boot.web.servlet.context.ServletWebServerApplicationContext [main] Root WebApplicationContext: initialization completed in 2655 ms
2019-05-09 00:18:40,778 INFO com.zaxxer.hikari.HikariDataSource [main] HikariPool-1 - Starting...
2019-05-09 00:18:41,654 INFO com.zaxxer.hikari.HikariDataSource [main] HikariPool-1 - Start completed.
2019-05-09 00:18:41,718 INFO org.hibernate.jpa.internal.util.LogHelper [main] HHH000204: Processing PersistenceUnitInfo [
	name: default
	...]
2019-05-09 00:18:41,793 INFO org.hibernate.Version [main] HHH000412: Hibernate Core {5.3.7.Final}
2019-05-09 00:18:41,796 INFO org.hibernate.cfg.Environment [main] HHH000206: hibernate.properties not found
2019-05-09 00:18:42,022 INFO org.hibernate.annotations.common.reflection.java.JavaReflectionManager [main] HCANN000001: Hibernate Commons Annotations {5.0.4.Final}
2019-05-09 00:18:42,244 INFO org.hibernate.dialect.Dialect [main] HHH000400: Using dialect: org.hibernate.dialect.PostgreSQL95Dialect
2019-05-09 00:18:50,175 INFO org.hibernate.engine.jdbc.env.internal.LobCreatorBuilderImpl [main] HHH000421: Disabling contextual LOB creation as hibernate.jdbc.lob.non_contextual_creation is true
2019-05-09 00:18:50,185 INFO org.hibernate.type.BasicTypeRegistry [main] HHH000270: Type registration [java.util.UUID] overrides previous : org.hibernate.type.UUIDBinaryType@4052913c
2019-05-09 00:18:51,995 INFO org.springframework.orm.jpa.AbstractEntityManagerFactoryBean [main] Initialized JPA EntityManagerFactory for persistence unit 'default'
2019-05-09 00:18:54,019 WARN org.springframework.boot.autoconfigure.orm.jpa.JpaBaseConfiguration$JpaWebConfiguration$JpaWebMvcConfiguration [main] spring.jpa.open-in-view is enabled by default. Therefore, database queries may be performed during view rendering. Explicitly configure spring.jpa.open-in-view to disable this warning
2019-05-09 00:18:55,891 INFO org.springframework.security.web.DefaultSecurityFilterChain [main] Creating filter chain: any request, [org.springframework.security.web.context.request.async.WebAsyncManagerIntegrationFilter@47f416d0, org.springframework.security.web.context.SecurityContextPersistenceFilter@46610fc9, org.springframework.security.web.header.HeaderWriterFilter@47b494ce, org.springframework.web.filter.CorsFilter@21be80f6, org.springframework.security.web.authentication.logout.LogoutFilter@1f6ba47b, hr.markic.rlc.security.jwt.JwtTokenFilter@1af6d656, org.springframework.security.web.savedrequest.RequestCacheAwareFilter@2cd877d3, org.springframework.security.web.servletapi.SecurityContextHolderAwareRequestFilter@7f49df25, org.springframework.security.web.authentication.AnonymousAuthenticationFilter@4acdf6e7, org.springframework.security.web.session.SessionManagementFilter@498f5728, org.springframework.security.web.access.ExceptionTranslationFilter@585672dd, org.springframework.security.web.access.intercept.FilterSecurityInterceptor@43edd2ea]
2019-05-09 00:18:56,238 INFO org.apache.juli.logging.DirectJDKLog [main] Starting ProtocolHandler ["http-nio-5000"]
2019-05-09 00:18:56,396 INFO org.springframework.boot.web.embedded.tomcat.TomcatWebServer [main] Tomcat started on port(s): 5000 (http) with context path ''
2019-05-09 00:18:56,916 INFO org.springframework.boot.StartupInfoLogger [main] Started RlcCombinatorApplication in 20.841 seconds (JVM running for 22.559)
2019-05-09 00:18:56,919 INFO hr.markic.rlc.RlcCombinatorApplication [main] ------------------Application started.----------------------
2019-05-09 00:19:09,092 INFO org.apache.juli.logging.DirectJDKLog [http-nio-5000-exec-1] Initializing Spring DispatcherServlet 'dispatcherServlet'
2019-05-09 00:19:09,113 INFO org.springframework.web.servlet.FrameworkServlet [http-nio-5000-exec-1] Initializing Servlet 'dispatcherServlet'
2019-05-09 00:19:09,209 INFO org.springframework.web.servlet.FrameworkServlet [http-nio-5000-exec-1] Completed initialization in 96 ms
2019-05-09 00:19:16,956 INFO org.hibernate.hql.internal.QueryTranslatorFactoryInitiator [http-nio-5000-exec-3] HHH000397: Using ASTQueryTranslatorFactory
2019-05-09 00:22:14,339 INFO org.springframework.orm.jpa.AbstractEntityManagerFactoryBean [Thread-44] Closing JPA EntityManagerFactory for persistence unit 'default'
2019-05-09 00:22:14,387 INFO com.zaxxer.hikari.HikariDataSource [Thread-44] HikariPool-1 - Shutdown initiated...
2019-05-09 00:22:14,444 INFO com.zaxxer.hikari.HikariDataSource [Thread-44] HikariPool-1 - Shutdown completed.
2019-05-09 00:27:13,222 INFO org.springframework.boot.StartupInfoLogger [main] Starting RlcCombinatorApplication on hrgovici with PID 21330 (/home/hrgovici/IdeaProjects/rlc-combinator/target/classes started by hrgovici in /home/hrgovici/IdeaProjects/rlc-combinator)
2019-05-09 00:27:13,227 DEBUG org.springframework.boot.StartupInfoLogger [main] Running with Spring Boot v2.1.2.RELEASE, Spring v5.1.4.RELEASE
2019-05-09 00:27:13,228 INFO org.springframework.boot.SpringApplication [main] No active profile set, falling back to default profiles: default
2019-05-09 00:27:14,904 INFO org.springframework.data.repository.config.RepositoryConfigurationDelegate [main] Bootstrapping Spring Data repositories in DEFAULT mode.
2019-05-09 00:27:15,063 INFO org.springframework.data.repository.config.RepositoryConfigurationDelegate [main] Finished Spring Data repository scanning in 135ms. Found 3 repository interfaces.
2019-05-09 00:27:15,696 INFO org.springframework.context.support.PostProcessorRegistrationDelegate$BeanPostProcessorChecker [main] Bean 'org.springframework.transaction.annotation.ProxyTransactionManagementConfiguration' of type [org.springframework.transaction.annotation.ProxyTransactionManagementConfiguration$$EnhancerBySpringCGLIB$$72e82444] is not eligible for getting processed by all BeanPostProcessors (for example: not eligible for auto-proxying)
2019-05-09 00:27:16,289 INFO org.springframework.boot.web.embedded.tomcat.TomcatWebServer [main] Tomcat initialized with port(s): 5000 (http)
2019-05-09 00:27:16,311 INFO org.apache.juli.logging.DirectJDKLog [main] Initializing ProtocolHandler ["http-nio-5000"]
2019-05-09 00:27:16,327 INFO org.apache.juli.logging.DirectJDKLog [main] Starting service [Tomcat]
2019-05-09 00:27:16,327 INFO org.apache.juli.logging.DirectJDKLog [main] Starting Servlet engine: [Apache Tomcat/9.0.14]
2019-05-09 00:27:16,337 INFO org.apache.juli.logging.DirectJDKLog [main] The APR based Apache Tomcat Native library which allows optimal performance in production environments was not found on the java.library.path: [/usr/java/packages/lib/amd64:/usr/lib64:/lib64:/lib:/usr/lib]
2019-05-09 00:27:16,456 INFO org.apache.juli.logging.DirectJDKLog [main] Initializing Spring embedded WebApplicationContext
2019-05-09 00:27:16,457 INFO org.springframework.boot.web.servlet.context.ServletWebServerApplicationContext [main] Root WebApplicationContext: initialization completed in 3149 ms
2019-05-09 00:27:16,788 INFO com.zaxxer.hikari.HikariDataSource [main] HikariPool-1 - Starting...
2019-05-09 00:27:17,889 INFO com.zaxxer.hikari.HikariDataSource [main] HikariPool-1 - Start completed.
2019-05-09 00:27:18,013 INFO org.hibernate.jpa.internal.util.LogHelper [main] HHH000204: Processing PersistenceUnitInfo [
	name: default
	...]
2019-05-09 00:27:18,179 INFO org.hibernate.Version [main] HHH000412: Hibernate Core {5.3.7.Final}
2019-05-09 00:27:18,182 INFO org.hibernate.cfg.Environment [main] HHH000206: hibernate.properties not found
2019-05-09 00:27:18,503 INFO org.hibernate.annotations.common.reflection.java.JavaReflectionManager [main] HCANN000001: Hibernate Commons Annotations {5.0.4.Final}
2019-05-09 00:27:18,803 INFO org.hibernate.dialect.Dialect [main] HHH000400: Using dialect: org.hibernate.dialect.PostgreSQL95Dialect
2019-05-09 00:27:26,609 INFO org.hibernate.engine.jdbc.env.internal.LobCreatorBuilderImpl [main] HHH000421: Disabling contextual LOB creation as hibernate.jdbc.lob.non_contextual_creation is true
2019-05-09 00:27:26,621 INFO org.hibernate.type.BasicTypeRegistry [main] HHH000270: Type registration [java.util.UUID] overrides previous : org.hibernate.type.UUIDBinaryType@52d96367
2019-05-09 00:27:27,985 INFO org.springframework.orm.jpa.AbstractEntityManagerFactoryBean [main] Initialized JPA EntityManagerFactory for persistence unit 'default'
2019-05-09 00:27:29,222 WARN org.springframework.boot.autoconfigure.orm.jpa.JpaBaseConfiguration$JpaWebConfiguration$JpaWebMvcConfiguration [main] spring.jpa.open-in-view is enabled by default. Therefore, database queries may be performed during view rendering. Explicitly configure spring.jpa.open-in-view to disable this warning
2019-05-09 00:27:30,060 INFO org.springframework.security.web.DefaultSecurityFilterChain [main] Creating filter chain: any request, [org.springframework.security.web.context.request.async.WebAsyncManagerIntegrationFilter@222eda8a, org.springframework.security.web.context.SecurityContextPersistenceFilter@792b9dd3, org.springframework.security.web.header.HeaderWriterFilter@156eeff1, org.springframework.web.filter.CorsFilter@3331800f, org.springframework.security.web.authentication.logout.LogoutFilter@237ee2e1, hr.markic.rlc.security.jwt.JwtTokenFilter@c414eb3, org.springframework.security.web.savedrequest.RequestCacheAwareFilter@31f9f9b3, org.springframework.security.web.servletapi.SecurityContextHolderAwareRequestFilter@322eb1a, org.springframework.security.web.authentication.AnonymousAuthenticationFilter@4edd8a0a, org.springframework.security.web.session.SessionManagementFilter@27234b7c, org.springframework.security.web.access.ExceptionTranslationFilter@7a2fd94c, org.springframework.security.web.access.intercept.FilterSecurityInterceptor@67baa05]
2019-05-09 00:27:30,150 INFO org.apache.juli.logging.DirectJDKLog [main] Starting ProtocolHandler ["http-nio-5000"]
2019-05-09 00:27:30,197 INFO org.springframework.boot.web.embedded.tomcat.TomcatWebServer [main] Tomcat started on port(s): 5000 (http) with context path ''
2019-05-09 00:27:30,201 INFO org.springframework.boot.StartupInfoLogger [main] Started RlcCombinatorApplication in 18.786 seconds (JVM running for 21.312)
2019-05-09 00:27:30,204 INFO hr.markic.rlc.RlcCombinatorApplication [main] ------------------Application started.----------------------
2019-05-09 00:27:46,741 INFO org.apache.juli.logging.DirectJDKLog [http-nio-5000-exec-1] Initializing Spring DispatcherServlet 'dispatcherServlet'
2019-05-09 00:27:46,742 INFO org.springframework.web.servlet.FrameworkServlet [http-nio-5000-exec-1] Initializing Servlet 'dispatcherServlet'
2019-05-09 00:27:46,790 INFO org.springframework.web.servlet.FrameworkServlet [http-nio-5000-exec-1] Completed initialization in 48 ms
2019-05-09 00:27:47,396 INFO org.hibernate.hql.internal.QueryTranslatorFactoryInitiator [http-nio-5000-exec-2] HHH000397: Using ASTQueryTranslatorFactory
